TN:
SF:src/components/theming/ThemeToggle/ThemeToggle.tsx
FN:8,ThemeToggle
FN:17,toggleTheme
FNF:2
FNH:2
FNDA:7,ThemeToggle
FNDA:3,toggleTheme
DA:1,1
DA:2,1
DA:3,1
DA:4,1
DA:5,1
DA:6,1
DA:7,1
DA:8,1
DA:9,7
DA:10,7
DA:11,7
DA:12,1
DA:13,1
DA:14,6
DA:15,6
DA:16,6
DA:17,6
DA:18,3
DA:19,3
DA:20,6
DA:21,6
DA:22,6
DA:23,6
DA:24,6
DA:25,6
DA:26,6
DA:27,6
DA:28,3
DA:29,3
DA:30,7
DA:31,7
DA:32,7
DA:33,7
DA:34,7
LF:34
LH:34
BRDA:8,0,0,7
BRDA:11,1,0,1
BRDA:13,2,0,6
BRDA:27,3,0,3
BRDA:17,4,0,3
BRDA:18,5,0,2
BRDA:18,6,0,1
BRF:7
BRH:7
end_of_record
TN:
SF:src/contexts/ThemeContext.tsx
FN:13,ThemeProvider
FNF:1
FNH:1
FNDA:14,ThemeProvider
DA:1,1
DA:2,1
DA:3,1
DA:4,1
DA:5,1
DA:6,1
DA:7,1
DA:8,1
DA:9,1
DA:10,1
DA:11,1
DA:12,1
DA:13,14
DA:14,14
DA:15,14
DA:16,14
DA:17,14
DA:18,6
DA:19,6
DA:20,5
DA:21,6
DA:22,1
DA:23,1
DA:24,1
DA:25,1
DA:26,1
DA:27,6
DA:28,14
DA:29,14
DA:30,14
DA:31,14
DA:32,8
DA:33,14
DA:34,4
DA:35,4
DA:36,4
DA:37,4
DA:38,8
DA:39,14
DA:40,14
DA:41,14
DA:42,6
DA:43,6
DA:44,8
DA:45,8
DA:46,8
DA:47,8
DA:48,8
DA:49,8
DA:50,8
DA:51,1
DA:52,1
LF:52
LH:52
BRDA:13,0,0,14
BRDA:41,1,0,6
BRDA:43,2,0,8
BRDA:17,3,0,6
BRDA:19,4,0,5
BRDA:21,5,0,1
BRDA:25,6,0,0
BRDA:30,7,0,14
BRDA:31,8,0,8
BRDA:31,9,0,6
BRDA:31,10,0,8
BRDA:33,11,0,4
BRDA:37,12,0,8
BRF:13
BRH:12
end_of_record
TN:
SF:src/contexts/index.ts
FNF:0
FNH:0
DA:1,1
LF:1
LH:1
BRF:0
BRH:0
end_of_record
TN:
SF:src/lib/utils.ts
FN:4,cn
FNF:1
FNH:1
FNDA:6,cn
DA:1,1
DA:2,1
DA:3,1
DA:4,1
DA:5,6
DA:6,6
LF:6
LH:6
BRDA:4,0,0,6
BRF:1
BRH:1
end_of_record
